<?xml version="1.0" encoding="UTF-8"?>
<testsuite xmlns:xsi="http://www.w3.org/2001/XMLSchema-instance" xsi:noNamespaceSchemaLocation="https://maven.apache.org/surefire/maven-surefire-plugin/xsd/surefire-test-report.xsd" version="3.0.2" name="com.example.clusterGame.ClusterGameApplicationTests" time="3.439" tests="1" errors="0" skipped="0" failures="0">
  <properties>
[...]
</properties>
  <testcase name="contextLoads" classname="com.example.clusterGame.ClusterGameApplicationTests" time="0.824">
    <system-out><![CDATA[13:03:30.668 [main] INFO org.springframework.test.context.support.AnnotationConfigContextLoaderUtils -- Could not detect default configuration classes for test class [com.example.clusterGame.ClusterGameApplicationTests]: ClusterGameApplicationTests does not declare any static, non-private, non-final, nested classes annotated with @Configuration.
13:03:30.819 [main] INFO org.springframework.boot.test.context.SpringBootTestContextBootstrapper -- Found @SpringBootConfiguration com.example.clusterGame.ClusterGameApplication for test class com.example.clusterGame.ClusterGameApplicationTests

  .   ____          _            __ _ _
 /\\ / ___'_ __ _ _(_)_ __  __ _ \ \ \ \
( ( )\___ | '_ | '_| | '_ \/ _` | \ \ \ \
 \\/  ___)| |_)| | | | | || (_| |  ) ) ) )
  '  |____| .__|_| |_|_| |_\__, | / / / /
 =========|_|==============|___/=/_/_/_/

 :: Spring Boot ::       (v3.5.5-SNAPSHOT)

2025-08-10T13:03:31.362+05:30  INFO 4300 --- [clusterGame] [           main] c.e.c.ClusterGameApplicationTests        : Starting ClusterGameApplicationTests using Java 17.0.13 with PID 4300 (started by jatin in D:\Relax Java Assignment\clusterGame)
2025-08-10T13:03:31.362+05:30  INFO 4300 --- [clusterGame] [           main] c.e.c.ClusterGameApplicationTests        : No active profile set, falling back to 1 default profile: "default"
2025-08-10T13:03:33.108+05:30  INFO 4300 --- [clusterGame] [           main] c.e.c.ClusterGameApplicationTests        : Started ClusterGameApplicationTests in 2.091 seconds (process running for 3.281)
]]></system-out>
  </testcase>
</testsuite>